Flow report for GY521
Sun Apr 14 18:30:12 2019
Quartus II 64-Bit Version 13.1.0 Build 162 10/23/2013 SJ Full Version


---------------------
; Table of Contents ;
---------------------
  1. Legal Notice
  2. Flow Summary
  3. Flow Settings
  4. Flow Non-Default Global Settings
  5. Flow Elapsed Time
  6. Flow OS Summary
  7. Flow Log
  8. Flow Messages
  9. Flow Suppressed Messages



----------------
; Legal Notice ;
----------------
Copyright (C) 1991-2013 Altera Corporation
Your use of Altera Corporation's design tools, logic functions 
and other software and tools, and its AMPP partner logic 
functions, and any output files from any of the foregoing 
(including device programming or simulation files), and any 
associated documentation or information are expressly subject 
to the terms and conditions of the Altera Program License 
Subscription Agreement, Altera MegaCore Function License 
Agreement, or other applicable license agreement, including, 
without limitation, that your use is for the sole purpose of 
programming logic devices manufactured by Altera and sold by 
Altera or its authorized distributors.  Please refer to the 
applicable agreement for further details.



+----------------------------------------------------------------------------------+
; Flow Summary                                                                     ;
+------------------------------------+---------------------------------------------+
; Flow Status                        ; Successful - Sun Apr 14 18:30:12 2019       ;
; Quartus II 64-Bit Version          ; 13.1.0 Build 162 10/23/2013 SJ Full Version ;
; Revision Name                      ; GY521                                       ;
; Top-level Entity Name              ; GY521                                       ;
; Family                             ; Cyclone IV E                                ;
; Device                             ; EP4CE6F17C8                                 ;
; Timing Models                      ; Final                                       ;
; Total logic elements               ; 1,674 / 6,272 ( 27 % )                      ;
;     Total combinational functions  ; 1,041 / 6,272 ( 17 % )                      ;
;     Dedicated logic registers      ; 1,341 / 6,272 ( 21 % )                      ;
; Total registers                    ; 1341                                        ;
; Total pins                         ; 6 / 180 ( 3 % )                             ;
; Total virtual pins                 ; 0                                           ;
; Total memory bits                  ; 212,992 / 276,480 ( 77 % )                  ;
; Embedded Multiplier 9-bit elements ; 0 / 30 ( 0 % )                              ;
; Total PLLs                         ; 0 / 2 ( 0 % )                               ;
+------------------------------------+---------------------------------------------+


+-----------------------------------------+
; Flow Settings                           ;
+-------------------+---------------------+
; Option            ; Setting             ;
+-------------------+---------------------+
; Start date & time ; 04/14/2019 10:53:50 ;
; Main task         ; Compilation         ;
; Revision Name     ; GY521               ;
+-------------------+---------------------+


+-----------------------------------------------------------------------------------------------------------------------------------------------------------------------------------------------------------------------------------------------------------------------------------------------------+
; Flow Non-Default Global Settings                                                                                                                                                                                                                                                                    ;
+-------------------------------------+--------------------------------------------------------------------------------------------------------------------------------------------------------------------------------------------------------------+---------------+-------------+------------------+
; Assignment Name                     ; Value                                                                                                                                                                                                        ; Default Value ; Entity Name ; Section Id       ;
+-------------------------------------+--------------------------------------------------------------------------------------------------------------------------------------------------------------------------------------------------------------+---------------+-------------+------------------+
; COMPILER_SIGNATURE_ID               ; 2200303521617.155521042907352                                                                                                                                                                                ; --            ; --          ; --               ;
; EDA_OUTPUT_DATA_FORMAT              ; Vhdl                                                                                                                                                                                                         ; --            ; --          ; eda_simulation   ;
; EDA_SIMULATION_TOOL                 ; ModelSim-Altera (VHDL)                                                                                                                                                                                       ; <None>        ; --          ; --               ;
; ENABLE_SIGNALTAP                    ; On                                                                                                                                                                                                           ; --            ; --          ; --               ;
; MAX_CORE_JUNCTION_TEMP              ; 85                                                                                                                                                                                                           ; --            ; --          ; --               ;
; MIN_CORE_JUNCTION_TEMP              ; 0                                                                                                                                                                                                            ; --            ; --          ; --               ;
; NUM_PARALLEL_PROCESSORS             ; All                                                                                                                                                                                                          ; --            ; --          ; --               ;
; OUTPUT_IO_TIMING_FAR_END_VMEAS      ; Half Signal Swing                                                                                                                                                                                            ; --            ; --          ; --               ;
; OUTPUT_IO_TIMING_FAR_END_VMEAS      ; Half Signal Swing                                                                                                                                                                                            ; --            ; --          ; --               ;
; OUTPUT_IO_TIMING_NEAR_END_VMEAS     ; Half Vccio                                                                                                                                                                                                   ; --            ; --          ; --               ;
; OUTPUT_IO_TIMING_NEAR_END_VMEAS     ; Half Vccio                                                                                                                                                                                                   ; --            ; --          ; --               ;
; PARTITION_COLOR                     ; 16764057                                                                                                                                                                                                     ; --            ; --          ; Top              ;
; PARTITION_FITTER_PRESERVATION_LEVEL ; PLACEMENT_AND_ROUTING                                                                                                                                                                                        ; --            ; --          ; Top              ;
; PARTITION_NETLIST_TYPE              ; SOURCE                                                                                                                                                                                                       ; --            ; --          ; Top              ;
; PROJECT_OUTPUT_DIRECTORY            ; output_files                                                                                                                                                                                                 ; --            ; --          ; --               ;
; SLD_FILE                            ; db/stp1_auto_stripped.stp                                                                                                                                                                                    ; --            ; --          ; --               ;
; SLD_NODE_CREATOR_ID                 ; 110                                                                                                                                                                                                          ; --            ; --          ; auto_signaltap_0 ;
; SLD_NODE_ENTITY_NAME                ; sld_signaltap                                                                                                                                                                                                ; --            ; --          ; auto_signaltap_0 ;
; SLD_NODE_PARAMETER_ASSIGNMENT       ; SLD_RAM_BLOCK_TYPE=AUTO                                                                                                                                                                                      ; --            ; --          ; auto_signaltap_0 ;
; SLD_NODE_PARAMETER_ASSIGNMENT       ; SLD_NODE_INFO=805334528                                                                                                                                                                                      ; --            ; --          ; auto_signaltap_0 ;
; SLD_NODE_PARAMETER_ASSIGNMENT       ; SLD_POWER_UP_TRIGGER=0                                                                                                                                                                                       ; --            ; --          ; auto_signaltap_0 ;
; SLD_NODE_PARAMETER_ASSIGNMENT       ; SLD_STORAGE_QUALIFIER_INVERSION_MASK_LENGTH=0                                                                                                                                                                ; --            ; --          ; auto_signaltap_0 ;
; SLD_NODE_PARAMETER_ASSIGNMENT       ; SLD_SEGMENT_SIZE=4096                                                                                                                                                                                        ; --            ; --          ; auto_signaltap_0 ;
; SLD_NODE_PARAMETER_ASSIGNMENT       ; SLD_ATTRIBUTE_MEM_MODE=OFF                                                                                                                                                                                   ; --            ; --          ; auto_signaltap_0 ;
; SLD_NODE_PARAMETER_ASSIGNMENT       ; SLD_STATE_FLOW_USE_GENERATED=0                                                                                                                                                                               ; --            ; --          ; auto_signaltap_0 ;
; SLD_NODE_PARAMETER_ASSIGNMENT       ; SLD_STATE_BITS=11                                                                                                                                                                                            ; --            ; --          ; auto_signaltap_0 ;
; SLD_NODE_PARAMETER_ASSIGNMENT       ; SLD_BUFFER_FULL_STOP=1                                                                                                                                                                                       ; --            ; --          ; auto_signaltap_0 ;
; SLD_NODE_PARAMETER_ASSIGNMENT       ; SLD_CURRENT_RESOURCE_WIDTH=1                                                                                                                                                                                 ; --            ; --          ; auto_signaltap_0 ;
; SLD_NODE_PARAMETER_ASSIGNMENT       ; SLD_TRIGGER_LEVEL=1                                                                                                                                                                                          ; --            ; --          ; auto_signaltap_0 ;
; SLD_NODE_PARAMETER_ASSIGNMENT       ; SLD_SAMPLE_DEPTH=4096                                                                                                                                                                                        ; --            ; --          ; auto_signaltap_0 ;
; SLD_NODE_PARAMETER_ASSIGNMENT       ; SLD_TRIGGER_IN_ENABLED=0                                                                                                                                                                                     ; --            ; --          ; auto_signaltap_0 ;
; SLD_NODE_PARAMETER_ASSIGNMENT       ; SLD_ADVANCED_TRIGGER_ENTITY=basic,1,                                                                                                                                                                         ; --            ; --          ; auto_signaltap_0 ;
; SLD_NODE_PARAMETER_ASSIGNMENT       ; SLD_TRIGGER_LEVEL_PIPELINE=1                                                                                                                                                                                 ; --            ; --          ; auto_signaltap_0 ;
; SLD_NODE_PARAMETER_ASSIGNMENT       ; SLD_ENABLE_ADVANCED_TRIGGER=0                                                                                                                                                                                ; --            ; --          ; auto_signaltap_0 ;
; SLD_NODE_PARAMETER_ASSIGNMENT       ; SLD_DATA_BITS=53                                                                                                                                                                                             ; --            ; --          ; auto_signaltap_0 ;
; SLD_NODE_PARAMETER_ASSIGNMENT       ; SLD_TRIGGER_BITS=53                                                                                                                                                                                          ; --            ; --          ; auto_signaltap_0 ;
; SLD_NODE_PARAMETER_ASSIGNMENT       ; SLD_INVERSION_MASK=00000000000000000000000000000000000000000000000000000000000000000000000000000000000000000000000000000000000000000000000000000000000000000000000000000000000000000000000000000000000000000 ; --            ; --          ; auto_signaltap_0 ;
; SLD_NODE_PARAMETER_ASSIGNMENT       ; SLD_INVERSION_MASK_LENGTH=185                                                                                                                                                                                ; --            ; --          ; auto_signaltap_0 ;
; SLD_NODE_PARAMETER_ASSIGNMENT       ; SLD_NODE_CRC_LOWORD=54128                                                                                                                                                                                    ; --            ; --          ; auto_signaltap_0 ;
; SLD_NODE_PARAMETER_ASSIGNMENT       ; SLD_NODE_CRC_HIWORD=58444                                                                                                                                                                                    ; --            ; --          ; auto_signaltap_0 ;
; SMART_RECOMPILE                     ; On                                                                                                                                                                                                           ; Off           ; --          ; --               ;
; USE_SIGNALTAP_FILE                  ; output_files/stp1.stp                                                                                                                                                                                        ; --            ; --          ; --               ;
+-------------------------------------+--------------------------------------------------------------------------------------------------------------------------------------------------------------------------------------------------------------+---------------+-------------+------------------+


+-------------------------------------------------------------------------------------------------------------------------------+
; Flow Elapsed Time                                                                                                             ;
+---------------------------+--------------+-------------------------+---------------------+------------------------------------+
; Module Name               ; Elapsed Time ; Average Processors Used ; Peak Virtual Memory ; Total CPU Time (on all processors) ;
+---------------------------+--------------+-------------------------+---------------------+------------------------------------+
; Analysis & Synthesis      ; 00:00:18     ; 1.0                     ; 4781 MB             ; 00:00:18                           ;
; Fitter                    ; 00:00:10     ; 2.8                     ; 5821 MB             ; 00:00:13                           ;
; Assembler                 ; 00:00:02     ; 1.0                     ; 4622 MB             ; 00:00:02                           ;
; TimeQuest Timing Analyzer ; 00:00:04     ; 1.0                     ; 4754 MB             ; 00:00:04                           ;
; EDA Netlist Writer        ; 00:00:03     ; 1.0                     ; 4592 MB             ; 00:00:03                           ;
; Analysis & Synthesis      ; 00:00:19     ; 1.2                     ; 4782 MB             ; 00:00:22                           ;
; Partition Merge           ; 00:00:02     ; 1.0                     ; 4681 MB             ; 00:00:02                           ;
; Fitter                    ; 00:00:10     ; 1.8                     ; 5779 MB             ; 00:00:12                           ;
; Assembler                 ; 00:00:02     ; 1.0                     ; 4621 MB             ; 00:00:02                           ;
; TimeQuest Timing Analyzer ; 00:00:03     ; 1.0                     ; 4766 MB             ; 00:00:04                           ;
; EDA Netlist Writer        ; 00:00:03     ; 1.0                     ; 4592 MB             ; 00:00:03                           ;
; Analysis & Synthesis      ; 00:00:19     ; 1.2                     ; 4786 MB             ; 00:00:21                           ;
; Partition Merge           ; 00:00:02     ; 1.0                     ; 4669 MB             ; 00:00:02                           ;
; Fitter                    ; 00:00:09     ; 1.9                     ; 5827 MB             ; 00:00:13                           ;
; Assembler                 ; 00:00:02     ; 1.0                     ; 4617 MB             ; 00:00:02                           ;
; TimeQuest Timing Analyzer ; 00:00:04     ; 1.0                     ; 4754 MB             ; 00:00:04                           ;
; EDA Netlist Writer        ; 00:00:03     ; 1.0                     ; 4592 MB             ; 00:00:03                           ;
; Analysis & Synthesis      ; 00:00:53     ; 1.2                     ; 4756 MB             ; 00:00:57                           ;
; Partition Merge           ; 00:00:05     ; 1.0                     ; 4669 MB             ; 00:00:05                           ;
; Fitter                    ; 00:00:28     ; 1.2                     ; 5265 MB             ; 00:00:26                           ;
; Partition Merge           ; 00:00:05     ; 1.0                     ; 4681 MB             ; 00:00:05                           ;
; Fitter                    ; 00:00:05     ; 1.0                     ; 4906 MB             ; 00:00:06                           ;
; Fitter                    ; 00:00:05     ; 1.0                     ; 4909 MB             ; 00:00:06                           ;
; Analysis & Synthesis      ; 00:00:49     ; 1.2                     ; 4754 MB             ; 00:00:56                           ;
; Partition Merge           ; 00:00:05     ; 1.0                     ; 4675 MB             ; 00:00:05                           ;
; Fitter                    ; 00:00:19     ; 1.1                     ; 5229 MB             ; 00:00:20                           ;
; Assembler                 ; 00:00:03     ; 1.0                     ; 4621 MB             ; 00:00:04                           ;
; TimeQuest Timing Analyzer ; 00:00:07     ; 1.0                     ; 4697 MB             ; 00:00:07                           ;
; EDA Netlist Writer        ; 00:00:06     ; 1.0                     ; 4592 MB             ; 00:00:06                           ;
; Total                     ; 00:05:05     ; --                      ; --                  ; 00:05:33                           ;
+---------------------------+--------------+-------------------------+---------------------+------------------------------------+


+----------------------------------------------------------------------------------------+
; Flow OS Summary                                                                        ;
+---------------------------+------------------+-----------+------------+----------------+
; Module Name               ; Machine Hostname ; OS Name   ; OS Version ; Processor type ;
+---------------------------+------------------+-----------+------------+----------------+
; Analysis & Synthesis      ; DESKTOP-VC0B0M4  ; Windows 7 ; 6.2        ; x86_64         ;
; Fitter                    ; DESKTOP-VC0B0M4  ; Windows 7 ; 6.2        ; x86_64         ;
; Assembler                 ; DESKTOP-VC0B0M4  ; Windows 7 ; 6.2        ; x86_64         ;
; TimeQuest Timing Analyzer ; DESKTOP-VC0B0M4  ; Windows 7 ; 6.2        ; x86_64         ;
; EDA Netlist Writer        ; DESKTOP-VC0B0M4  ; Windows 7 ; 6.2        ; x86_64         ;
; Analysis & Synthesis      ; DESKTOP-VC0B0M4  ; Windows 7 ; 6.2        ; x86_64         ;
; Partition Merge           ; DESKTOP-VC0B0M4  ; Windows 7 ; 6.2        ; x86_64         ;
; Fitter                    ; DESKTOP-VC0B0M4  ; Windows 7 ; 6.2        ; x86_64         ;
; Assembler                 ; DESKTOP-VC0B0M4  ; Windows 7 ; 6.2        ; x86_64         ;
; TimeQuest Timing Analyzer ; DESKTOP-VC0B0M4  ; Windows 7 ; 6.2        ; x86_64         ;
; EDA Netlist Writer        ; DESKTOP-VC0B0M4  ; Windows 7 ; 6.2        ; x86_64         ;
; Analysis & Synthesis      ; DESKTOP-VC0B0M4  ; Windows 7 ; 6.2        ; x86_64         ;
; Partition Merge           ; DESKTOP-VC0B0M4  ; Windows 7 ; 6.2        ; x86_64         ;
; Fitter                    ; DESKTOP-VC0B0M4  ; Windows 7 ; 6.2        ; x86_64         ;
; Assembler                 ; DESKTOP-VC0B0M4  ; Windows 7 ; 6.2        ; x86_64         ;
; TimeQuest Timing Analyzer ; DESKTOP-VC0B0M4  ; Windows 7 ; 6.2        ; x86_64         ;
; EDA Netlist Writer        ; DESKTOP-VC0B0M4  ; Windows 7 ; 6.2        ; x86_64         ;
; Analysis & Synthesis      ; DESKTOP-V3GCPFS  ; Windows 7 ; 6.2        ; x86_64         ;
; Partition Merge           ; DESKTOP-V3GCPFS  ; Windows 7 ; 6.2        ; x86_64         ;
; Fitter                    ; DESKTOP-V3GCPFS  ; Windows 7 ; 6.2        ; x86_64         ;
; Partition Merge           ; DESKTOP-V3GCPFS  ; Windows 7 ; 6.2        ; x86_64         ;
; Fitter                    ; DESKTOP-V3GCPFS  ; Windows 7 ; 6.2        ; x86_64         ;
; Fitter                    ; DESKTOP-V3GCPFS  ; Windows 7 ; 6.2        ; x86_64         ;
; Analysis & Synthesis      ; DESKTOP-V3GCPFS  ; Windows 7 ; 6.2        ; x86_64         ;
; Partition Merge           ; DESKTOP-V3GCPFS  ; Windows 7 ; 6.2        ; x86_64         ;
; Fitter                    ; DESKTOP-V3GCPFS  ; Windows 7 ; 6.2        ; x86_64         ;
; Assembler                 ; DESKTOP-V3GCPFS  ; Windows 7 ; 6.2        ; x86_64         ;
; TimeQuest Timing Analyzer ; DESKTOP-V3GCPFS  ; Windows 7 ; 6.2        ; x86_64         ;
; EDA Netlist Writer        ; DESKTOP-V3GCPFS  ; Windows 7 ; 6.2        ; x86_64         ;
+---------------------------+------------------+-----------+------------+----------------+


------------
; Flow Log ;
------------
quartus_map --read_settings_files=on --write_settings_files=off GY521 -c GY521
quartus_fit --read_settings_files=off --write_settings_files=off GY521 -c GY521
quartus_asm --read_settings_files=off --write_settings_files=off GY521 -c GY521
quartus_sta GY521 -c GY521
quartus_eda --read_settings_files=off --write_settings_files=off GY521 -c GY521
quartus_map --read_settings_files=on --write_settings_files=off GY521 -c GY521
quartus_cdb --read_settings_files=off --write_settings_files=off GY521 -c GY521 --merge=on
quartus_fit --read_settings_files=off --write_settings_files=off GY521 -c GY521
quartus_asm --read_settings_files=off --write_settings_files=off GY521 -c GY521
quartus_sta GY521 -c GY521
quartus_eda --read_settings_files=off --write_settings_files=off GY521 -c GY521
quartus_map --read_settings_files=on --write_settings_files=off GY521 -c GY521
quartus_cdb --read_settings_files=off --write_settings_files=off GY521 -c GY521 --merge=on
quartus_fit --read_settings_files=off --write_settings_files=off GY521 -c GY521
quartus_asm --read_settings_files=off --write_settings_files=off GY521 -c GY521
quartus_sta GY521 -c GY521
quartus_eda --read_settings_files=off --write_settings_files=off GY521 -c GY521
quartus_map --read_settings_files=on --write_settings_files=off GY521 -c GY521
quartus_cdb --read_settings_files=off --write_settings_files=off GY521 -c GY521 --merge=on
quartus_fit --read_settings_files=off --write_settings_files=off GY521 -c GY521
quartus_cdb --read_settings_files=on --write_settings_files=off GY521 -c GY521 --merge=on
quartus_fit --read_settings_files=off --write_settings_files=off GY521 -c GY521
quartus_fit --read_settings_files=on --write_settings_files=off GY521 -c GY521
quartus_map --read_settings_files=on --write_settings_files=off GY521 -c GY521
quartus_cdb --read_settings_files=off --write_settings_files=off GY521 -c GY521 --merge=on
quartus_fit --read_settings_files=off --write_settings_files=off GY521 -c GY521
quartus_asm --read_settings_files=off --write_settings_files=off GY521 -c GY521
quartus_sta GY521 -c GY521
quartus_eda --read_settings_files=off --write_settings_files=off GY521 -c GY521



